make all --print-data-base --no-builtin-variables --no-builtin-rules --question
# GNU Make 3.81
# Copyright (C) 2006  Free Software Foundation, Inc.
# This is free software; see the source for copying conditions.
# There is NO warranty; not even for MERCHANTABILITY or FITNESS FOR A
# PARTICULAR PURPOSE.

# This program built for i386-apple-darwin11.3.0
 

# Make data base, printed on Mon Aug  1 09:23:02 2022

# Variables

# automatic
<D = $(patsubst %/,%,$(dir $<))
# environment
NEXUS_TOKEN = admin:p-o0i9u8y7t6r5e4w3q2
# automatic
?F = $(notdir $?)
# makefile (from `Makefile', line 18)
.SHELLFLAGS = -ec
# environment
NVM_INC = /Users/exu/.nvm/versions/node/v16.13.1/include/node
# automatic
?D = $(patsubst %/,%,$(dir $?))
# environment
GEOLITE2_LICENSE_KEY = 7WUJGsMN5UYkOlrk
# makefile (from `Makefile', line 97)
PROJECT_DIR := /Users/exu/code/kube/testkube-operator
# automatic
@D = $(patsubst %/,%,$(dir $@))
# automatic
@F = $(notdir $@)
# makefile
CURDIR := /Users/exu/code/kube/testkube-operator
# makefile (from `Makefile', line 17)
SHELL = /usr/bin/env bash -o pipefail
# environment
FZF_DEFAULT_COMMAND = ag --hidden --ignore .git -g ""
# environment
VSCODE_NLS_CONFIG = {"locale":"pl","availableLanguages":{},"_languagePackSupport":true}
# environment
_ = /usr/bin/make
# environment
n = testkube
# environment
GITHUB_TOKEN = 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
# makefile (from `Makefile', line 1)
MAKEFILE_LIST :=  Makefile
# environment
VSCODE_AMD_ENTRYPOINT = vs/workbench/api/node/extensionHostProcess
# environment
__CFBundleIdentifier = com.microsoft.VSCode
# environment
INFOPATH = /opt/homebrew/share/info:
# environment
GITLAB_API_TOKEN = su8MqyEJNYPtYeS4X6jo
# makefile (from `Makefile', line 52)
ENVTEST_ASSETS_DIR = $(shell pwd)/testbin
# environment
ANALYTICS_TRACKING_ID = G-KFQXSNKNV4
# environment
VSCODE_CWD = /
# environment
GOPROXY = https://proxy.golang.org,direct
# makefile (from `Makefile', line 98)
go-get-tool = @[ -f $(1) ] || { set -e ; TMP_DIR=$$(mktemp -d) ; cd $$TMP_DIR ; go mod init tmp ; echo "Downloading $(2)" ; GOBIN=$(PROJECT_DIR)/bin go get $(2) ; rm -rf $$TMP_DIR ; }
# environment
PATH = /opt/homebrew/opt/openjdk@17/bin:/Users/exu/.nvm/versions/node/v16.13.1/bin:/Users/exu/Downloads/google-cloud-sdk 3/bin:/opt/homebrew/opt/openjdk@11/bin:/Users/exu/.krew/bin:/opt/homebrew/opt/coreutils/libexec/gnubin:/Users/exu/go/bin:/opt/homebrew/bin:/opt/homebrew/sbin:/usr/local/bin:/usr/bin:/bin:/usr/sbin:/sbin:/usr/local/go/bin:/opt/homebrew/opt/fzf/bin:/Users/exu/bin/
# environment
LSCOLORS = Gxfxcxdxbxegedabagacad
# environment
KUBE_EDITOR = nvim
# environment
GOPATH = /Users/exu/go
# environment
NVM_BIN = /Users/exu/.nvm/versions/node/v16.13.1/bin
# environment
LaunchInstanceID = ADCA400C-5635-4F93-8D29-A5ACA49776DE
# environment
MONGODB_DSN = mongodb://root:59yCtj5Ah5rZdap4@localhost:27017/?authMechanism=SCRAM-SHA-1
# environment
ELECTRON_RUN_AS_NODE = 1
# environment
KUBECONFIG = /Users/exu/.kube/config
# default
.FEATURES := target-specific order-only second-expansion else-if archives jobserver check-symlink
# makefile (from `Makefile', line 88)
CONTROLLER_GEN = $(shell pwd)/bin/controller-gen
# environment
SSH_AUTH_SOCK = /private/tmp/com.apple.launchd.aOvWPhQs7k/Listeners
# automatic
%F = $(notdir $%)
# makefile (from `Makefile', line 9)
GOBIN = $(shell go env GOPATH)/bin
# environment
ABS_NOTIFIER_SLACK_TOKEN = xoxb-51831893157-763182498935-E235fBF9XST671zQIkRaEel8
# environment
PWD = /Users/exu/code/kube/testkube-operator
# environment
HOMEBREW_CELLAR = /opt/homebrew/Cellar
# environment
define SANDBOX_GOOGLE_KEY
{
  "type": "service_account",
  "project_id": "kinguin-sandbox",
  "private_key_id": "746801688e86e4ca5230cf311b41f89743153320",
  "private_key": "-----BEGIN PRIVATE KEY-----\nMIIEvQIBADANBgkqhkiG9w0BAQEFAASCBKcwggSjAgEAAoIBAQCqcYf2uovgOV55\nj1OtBnJfRAEh+2kX6OTYpSI6EqSsh4MmEYGwbDHtyYOiC7jxtJVqyVHrkmhjdc7P\n6h6XC+wb7hcK+XAOpWBKOWtLElis8VES0fT8Vyx4nbgwbt7t0a6NNtiImhG7sn1Y\n2eobrrxpqKf1a47dbD0g3p0IBS20ZkrB0y6wk8zzOWMx3VsbOuIjdBhAyWDwysXw\nYwqPBemtOr3Y4wTeqgUmBzLdzQQf0i8178evjz/FfrMJH811mNvefaXWmrxhGAjj\nNO/vIMAa3JVj1hU/eFhaW2G6XakgPZp1QfN73jNPMVPQQNsUW4dP8qwcgCAGXmwv\nhwvbdTGFAgMBAAECggEAC6K4f3V4uxPviSjps3QvNqWz1hgNsp4pkUikr4Y6S7Ts\nlRq42cxpFCyfmd5m/8kuMh4QQ565FaEjPzpiYDlmIvn8BLnGlplfm3GUC4nzF8tZ\nl4lRyjBBTvKlclj/Swj3e5h0685oy4GB4SDvRHiHUEc9QBnZpPAQtD++RJ/l4NzG\nUdC2NMHs6BIBqPGEzFafxrRii+7fvlcWeDyak0fZkkUhNvKsgTocSruLJ5LV0l+u\njAxeHDPe/bIziDW4fdx/zNJqrPt0XN0cYUvpAF2fwqlyrEFiU9tA1mF9Ugmw6/1f\n5V/W1rQJ8X8NVU128ZKT9s0G3V1AmhLgLGEBJ+Oa+QKBgQDWnitQGUALlMt+M0wK\nm+OEjk2ED7gEZlBoU/ujTVdYm7IO3ESo+b0K8UWRwLHv5jdr7KPAfJfQsP7U1i9p\n+UI6CY46IdGmnB1nPvh3kPfY1e1i1XXTTOAcC040A1bFF3IQWycja3cNarT+N1ON\nwo/sukluUrJ+IP7fdz/cN+WwowKBgQDLTtrLKreQu4fF7VWXknxSooflFPLwcOkY\npJUEneU4Qcl8SS9FIGYU0nZzC5jhzXz0vUkod9whDrWVgbc+USNiA3/fGFcG38mx\n3lrHizaDsOVHg/Vz4vDFisUZXzHAHmg2hMbqsoNDVHbohEhEVXwYY3rppzxpSYmI\n3x6ziTIvtwKBgQCwegtfqAO0Ajx6n6/NoXYqz+EJ0OseIwvHXhezpqtGX3DBK3sB\n/6nlT5RHT86BWCsGgeX9J/amUoSZey4t1BsTIjxjrN96QzEibvNdTkWfdfnnpWNn\nxvUZ2moJ9xzooGjY7jt2sq2IyM/fopsAHJbAsEYlg7bmZDdwhdxrN0OWRQKBgBwA\nFj4Y+gMi8MYfs8QWVq0C2XiBdBwNUO0l7agfHuyqktddNPduSODhQ5MAq+Oda3JB\nh4vdRiH/Zp7aqKQahKcBGGFfdszpkVu/5fzJfY6RlGJPGEUHomVygUbHR5DQH0Yy\n7zpvr4hcX6wSW+mdZGPvf4Qilj1h9WE2aYIMiS7tAoGAJZkF68wYs1Dl3qVg296g\n9YpwL08akIiogFhJubequoB/Rk4qX0DzojFIIV4oW6jKEYchlwg47fnurJEHFKN6\no8yIlng6E2dfT43OFoArsGUSjH/XhHyLcUY4lWWhrPw/JqDBD3uAbPx7OxyxKdDr\nyCyypOgdP3k7RtJAtZSXjFY=\n-----END PRIVATE KEY-----\n",
  "client_email": "kinguin-sandbox-gitlab@kinguin-sandbox.iam.gserviceaccount.com",
  "client_id": "102636720227408274894",
  "auth_uri": "https://accounts.google.com/o/oauth2/auth",
  "token_uri": "https://accounts.google.com/o/oauth2/token",
  "auth_provider_x509_cert_url": "https://www.googleapis.com/oauth2/v1/certs",
  "client_x509_cert_url": "https://www.googleapis.com/robot/v1/metadata/x509/kinguin-sandbox-gitlab%40kinguin-sandbox.iam.gserviceaccount.com"
}
endef
# environment
ORIGINAL_XDG_CURRENT_DESKTOP = undefined
# environment
MANPATH = /Users/exu/.nvm/versions/node/v16.13.1/share/man:/opt/homebrew/share/man::
# environment
GOMODCACHE = /Users/exu/go/pkg/mod
# environment
HOME = /Users/exu
# environment
NEXUS_URL = https://artifacts.kinguin.services/repository/maven-releases
# default
MAKEFILEPATH = $(shell /usr/bin/xcode-select -print-path 2>/dev/null || echo /Developer)/Makefiles
# environment
VSCODE_CODE_CACHE_PATH = /Users/exu/Library/Application Support/Code/CachedData/3b889b090b5ad5793f524b5d1d39fda662b96a2a
# environment
LOGNAME = exu
# environment
APPLICATION_INSIGHTS_NO_DIAGNOSTIC_CHANNEL = true
# environment
NVM_CD_FLAGS = -q
# environment
ZSH = /Users/exu/.oh-my-zsh
# environment
VSCODE_HANDLES_UNCAUGHT_ERRORS = true
# automatic
^D = $(patsubst %/,%,$(dir $^))
# environment
NEXUS_PASSWORD = dupa102
# environment
XPC_FLAGS = 0x0
# environment
SONAR_API_TOKEN = 4b1cbe419f2efae6b1c51a632e98cfbe44369415
# makefile (from `Makefile', line 5)
CRD_OPTIONS = "crd"
# default
MAKE = $(MAKE_COMMAND)
# default
MAKECMDGOALS := all
# environment
SHLVL = 1
# environment
NEXUS_PASS = p-o0i9u8y7t6r5e4w3q2
# default
MAKE_VERSION := 3.81
# environment
USER = exu
# makefile
.DEFAULT_GOAL := all
# environment
LESS = -R
# automatic
%D = $(patsubst %/,%,$(dir $%))
# default
MAKE_COMMAND := /Library/Developer/CommandLineTools/usr/bin/make
# environment
NEXUS_USER = admin
# makefile (from `Makefile', line 92)
KUSTOMIZE = $(shell pwd)/bin/kustomize
# default
.VARIABLES := 
# environment
TMPDIR = /var/folders/nd/k_0773tn16nbwtw7188n8ql40000gn/T/
# automatic
*F = $(notdir $*)
# makefile (from `Makefile', line 3)
IMG = controller:latest
# environment
VSCODE_IPC_HOOK = /Users/exu/Library/Application Support/Code/1.69.2-main.sock
# environment
MallocNanoZone = 0
# makefile
MAKEFLAGS = Rrqp
# environment
MFLAGS = -Rrqp
# automatic
*D = $(patsubst %/,%,$(dir $*))
# environment
NVM_DIR = /Users/exu/.nvm
# environment
XPC_SERVICE_NAME = application.com.microsoft.VSCode.24243880.24243891
# environment
HOMEBREW_PREFIX = /opt/homebrew
# automatic
+D = $(patsubst %/,%,$(dir $+))
# environment
GONOSUMDB = gitlab.kinguin.info/*,github.com/MediaMath/*,github.com/kubeshop/*
# automatic
+F = $(notdir $+)
# environment
HOMEBREW_REPOSITORY = /opt/homebrew
# environment
__CF_USER_TEXT_ENCODING = 0x1F5:0x1D:0x2A
# environment
COMMAND_MODE = unix2003
# default
MAKEFILES := 
# environment
ANALYTICS_API_KEY = L0eeiQwoQLGmv2r23sEPxA
# automatic
<F = $(notdir $<)
# environment
GOPRIVATE = github.com/MediaMath/*
# environment
 
EDITOR = nvim
# environment
PAGER = less
# environment
LC_ALL = C
# environment
KFC_ENV_PROFILE = minikube
# environment
SECURITYSESSIONID = 186b4
# automatic
^F = $(notdir $^)
# environment
define STAGING_GOOGLE_KEY
{
  "type": "service_account",
  "project_id": "kinguin-ktc",
  "private_key_id": "4af3d56ea27a734f2abbe76a0edd4800cc3900d3",
  "private_key": "-----BEGIN PRIVATE KEY-----\nMIIEvQIBADANBgkqhkiG9w0BAQEFAASCBKcwggSjAgEAAoIBAQDX2ZGohwWnjhHM\nVOydadIR0w7XtLw6EVWsYUHIgzx/U8mBWeqxCWdrMQCzPOZuF2YhD0JBOwvIaAGG\nxUj2geWbNz/A2raK8tcPgqyo4mdP5tQC+TGn4tKxPI6dZ+yEJ8pQ/DzBP7NHY2Id\nHulnBjzeJERv485Ct9/kfq8ZoWCS+pA+AxGhGzhuM5GroVDuee+Qyit6RNRpG5k3\nYq/KyFulT7RnJ8w5eg8H2HHOEsiDNbMFxMV2fNzKfbtw5h1pB2leTN6vwilHeVGA\n8R0nX8eBZGRiQpucABXHhkhZ2bhO2iFTG1ysvY8U2XhO376/GumzxxhYyYOqzgj4\ncPAfVMq3AgMBAAECggEAB4i1EFRSKrSHQ4INVjs81VlwEbBhx4cWXfNxF94YzPrw\nNB8e1XoWDYRC2X69LkeLzYiaT+uPMDoNH5agQtZq3L2TcJhRuczbG9P8UdLBN2U/\nrjDjflAo+X27HpxjgYNgCO6c8kPWbp317T1IeUua8UgDyYICj4qaen+/fd4HoGml\nCsEz6ZQb1KFJlzC3Cr0z4KP40E2UaM0ZH2JyxNdTK9FQFryN5fKidrACdX5CKxRG\n+5jEnM9dGrNXkWWtVEfEXh9w9NYOnEAcU9CGn7i2C/uf3dggLSJ52Wrc812pnQmt\nScaRYOB0ynVlBLUvKNO4gPLLiGa9QlqBzj64pTEUhQKBgQD/dOIMc1jWcLLGIgFo\nseTUyyL2t0j9r/sw0Q553fyeDsLNoUShQ9tV2PYFbUsPInJW8k7sYBvyZ6URBLt6\nX2TOEEgnIQyPNm6BMF46c7AItAZeqzPZgfSZf69dA4/hPI6lMO51+T7nHg9m0WIl\n9hNdiebMUNmCsJKYGkckcoOIfQKBgQDYTx3shsiMUosfToAnaptqIrmtQr5uUnIr\nISi3Js/hRbICzTOeLFdx6ixTQNxamzAFE/3pBramcrAfkXZDsWGf9iHq1pyYaNAb\nXEj5ZHiK2mLLos1mIuzEa5JjOctE8nqs7sSGhLvagIhvJkm9fcgcrgLvoA1c5zuz\n7mM4Enb6QwKBgQChvEnmIh2L31yAr0T/GSpNQ7OGSrLu0z2RQbsNk2t+UtApSsJd\n681xg+T3uKO+GEwWGmG3rH3lMpPCu6FLMBxtjsdv5q/B+G9sYcg278nzKK+jvncc\nbfgEO2A23qt4qlOR6PIBRWX7BAAyU7z1VeAa59V1ZHbiFJMrs+949vuqLQKBgDRm\nVhVqQULc7B7VYW4rASMg7mHufTs0dbvE+JwFpu4neAv9sbdrfnN2Cu7QE5FPbr6M\nLUI6Ah0oQ0oibsfPPJsHgQfmnWC+Y0t9e6AOmrToWm6CLcfERh7/ACNRaNB2/QjP\nfoQnu2ofIO3sFIj243cvID70Qshyq5/W6+o1buUJAoGANL1djyGjH9n1KK1M8Ej9\nHsS9IWORmHsx1cARuvBzHFe7zLkFwokA0yVQ/4ynalISQjRRfs7H0DNr3AA4yLDk\nSNCwFS0RafUgJaO5w58Z7hsPksup5t33zxn3G+2UQhdhk43euVICf+EtuEg55G8g\n3WEdWasqOp86/9F+ib9dNlY=\n-----END PRIVATE KEY-----\n",
  "client_email": "ktc-staging-deployer@kinguin-ktc.iam.gserviceaccount.com",
  "client_id": "116073407005526226415",
  "auth_uri": "https://accounts.google.com/o/oauth2/auth",
  "token_uri": "https://accounts.google.com/o/oauth2/token",
  "auth_provider_x509_cert_url": "https://www.googleapis.com/oauth2/v1/certs",
  "client_x509_cert_url": "https://www.googleapis.com/robot/v1/metadata/x509/ktc-staging-deployer%40kinguin-ktc.iam.gserviceaccount.com"
}
endef
# default
SUFFIXES := 
# default
.INCLUDE_DIRS = /usr/local/include
# environment
MAKELEVEL := 0
# environment
GITLAB_TOKEN = y41VV2BHf67psGH8G7AR
# environment
GPG_TTY = not a tty
# environment
LANG = C
# environment
MONGODB_DSN_PROD = mongodb://root:59yCtj5Ah5rZdap4@localhost:27017/?authMechanism=SCRAM-SHA-1
# environment
VSCODE_PID = 617
# variable set hash-table stats:
# Load=111/1024=11%, Rehash=0, Collisions=5/151=3%

# Pattern-specific Variable Values

# No pattern-specific variable values.

# Directories

# . (device 16777231, inode 1764636): 24 files, no impossibilities.

# 24 files, no impossibilities in 1 directories.

# Implicit Rules

# No implicit rules.

# Files

all: build
#  Command-line target.
#  Implicit rule search has been done.
#  File does not exist.
#  File has been updated.
#  Needs to be updated (-q is set).
# variable set hash-table stats:
# Load=0/32=0%, Rehash=0, Collisions=0/8=0%

docker-build: test
#  Implicit rule search has not been done.
#  Modification time never checked.
#  File has not been updated.
#  commands to execute (from `Makefile', line 67):
	docker build -t ${IMG} .
	

# Not a target:
.SUFFIXES:
#  Implicit rule search has not been done.
#  Modification time never checked.
#  File has not been updated.

uninstall: manifests kustomize
#  Implicit rule search has not been done.
#  Modification time never checked.
#  File has not been updated.
#  commands to execute (from `Makefile', line 78):
	$(KUSTOMIZE) build config/crd | kubectl delete -f -
	

# Not a target:
Makefile:
#  Implicit rule search has been done.
#  Last modified 2022-02-08 11:19:43
#  File has been updated.
#  Successfully updated.
# variable set hash-table stats:
# Load=0/32=0%, Rehash=0, Collisions=0/0=0%

test: manifests generate fmt vet
#  Implicit rule search has not been done.
#  Modification time never checked.
#  File has not been updated.
#  commands to execute (from `Makefile', line 54):
	mkdir -p ${ENVTEST_ASSETS_DIR}
	test -f ${ENVTEST_ASSETS_DIR}/setup-envtest.sh || curl -sSLo ${ENVTEST_ASSETS_DIR}/setup-envtest.sh https://raw.githubusercontent.com/kubernetes-sigs/controller-runtime/v0.8.3/hack/setup-envtest.sh
	source ${ENVTEST_ASSETS_DIR}/setup-envtest.sh; fetch_envtest_tools $(ENVTEST_ASSETS_DIR); setup_envtest_env $(ENVTEST_ASSETS_DIR); go test ./... -coverprofile cover.out
	

build: generate fmt vet
#  Implicit rule search has not been done.
#  File does not exist.
#  File has been updated.
#  Needs to be updated (-q is set).
# variable set hash-table stats:
# Load=0/32=0%, Rehash=0, Collisions=0/8=0%
#  commands to execute (from `Makefile', line 61):
	go build -o bin/manager main.go
	

vet:
#  Implicit rule search has not been done.
#  Modification time never checked.
#  File has not been updated.
#  commands to execute (from `Makefile', line 50):
	go vet ./...
	

help:
#  Implicit rule search has not been done.
#  Modification time never checked.
#  File has not been updated.
#  commands to execute (from `Makefile', line 36):
	@awk 'BEGIN {FS = ":.*##"; printf "\nUsage:\n  make \033[36m<target>\033[0m\n"} /^[a-zA-Z_0-9-]+:.*?##/ { printf "  \033[36m%-15s\033[0m %s\n", $$1, $$2 } /^##@/ { printf "\n\033[1m%s\033[0m\n", substr($$0, 5) } ' $(MAKEFILE_LIST)
	

kustomize:
#  Implicit rule search has not been done.
#  Modification time never checked.
#  File has not been updated.
#  commands to execute (from `Makefile', line 94):
	$(call go-get-tool,$(KUSTOMIZE),sigs.k8s.io/kustomize/kustomize/v3@v3.8.7)
	

generate: controller-gen
#  Implicit rule search has not been done.
#  File does not exist.
#  File has been updated.
#  Needs to be updated (-q is set).
# variable set hash-table stats:
# Load=0/32=0%, Rehash=0, Collisions=0/8=0%
#  commands to execute (from `Makefile', line 44):
	$(CONTROLLER_GEN) object:headerFile="hack/boilerplate.go.txt" paths="./..."
	

undeploy:
#  Implicit rule search has not been done.
#  Modification time never checked.
#  File has not been updated.
#  commands to execute (from `Makefile', line 85):
	$(KUSTOMIZE) build config/default | kubectl delete -f -
	

manifests: controller-gen
#  Implicit rule search has not been done.
#  Modification time never checked.
#  File has not been updated.
#  commands to execute (from `Makefile', line 41):
	$(CONTROLLER_GEN) $(CRD_OPTIONS) rbac:roleName=manager-role webhook paths="./..." output:crd:artifacts:config=config/crd/bases
	

# Not a target:
.DEFAULT:
#  Implicit rule search has not been done.
#  Modification time never checked.
#  File has not been updated.

run: manifests generate fmt vet
#  Implicit rule search has not been done.
#  Modification time never checked.
#  File has not been updated.
#  commands to execute (from `Makefile', line 64):
	go run ./main.go
	

fmt:
#  Implicit rule search has not been done.
#  Modification time never checked.
#  File has not been updated.
#  commands to execute (from `Makefile', line 47):
	go fmt ./...
	

deploy: manifests kustomize
#  Implicit rule search has not been done.
#  Modification time never checked.
#  File has not been updated.
#  commands to execute (from `Makefile', line 81):
	cd config/manager && $(KUSTOMIZE) edit set image controller=${IMG}
	$(KUSTOMIZE) build config/default | kubectl apply -f -
	

controller-gen:
#  Implicit rule search has not been done.
#  Implicit/static pattern stem: `'
#  File does not exist.
#  File has been updated.
#  Needs to be updated (-q is set).
# automatic
# @ := controller-gen
# automatic
# % := 
# automatic
# * := 
# automatic
# + := 
# automatic
# | := 
# automatic
# < := 
# automatic
# ^ := 
# automatic
# ? := 
 
# variable set hash-table stats:
# Load=8/32=25%, Rehash=0, Collisions=2/16=12%
#  commands to execute (from `Makefile', line 90):
	$(call go-get-tool,$(CONTROLLER_GEN),sigs.k8s.io/controller-tools/cmd/controller-gen@v0.4.1)
	

docker-push:
#  Implicit rule search has not been done.
#  Modification time never checked.
#  File has not been updated.
#  commands to execute (from `Makefile', line 70):
	docker push ${IMG}
	

install: manifests kustomize
#  Implicit rule search has not been done.
#  Modification time never checked.
#  File has not been updated.
#  commands to execute (from `Makefile', line 75):
	$(KUSTOMIZE) build config/crd | kubectl apply -f -
	

# files hash-table stats:
# Load=20/1024=2%, Rehash=0, Collisions=1/55=2%
# VPATH Search Paths

# No `vpath' search paths.

# No general (`VPATH' variable) search path.

# # of strings in strcache: 1
# # of strcache buffers: 1
# strcache size: total = 4096 / max = 4096 / min = 4096 / avg = 4096
# strcache free: total = 4087 / max = 4087 / min = 4087 / avg = 4087

# Finished Make data base on Mon Aug  1 09:23:02 2022

 
